{"level":"info","message":"[19:57:33]데이터 베이스 연결 성공","service":"general"}
{"level":"error","message":"[19:57:55][404]/favicon.ico은 없는 페이지 입니다.","service":"general"}
{"level":"error","message":"[19:57:55]Error: /favicon.ico은 없는 페이지 입니다.\n    at C:\\dongbum\\express\\express_exam\\board\\app.js:63:16\n    at Layer.handle [as handle_request] (C:\\dongbum\\express\\express_exam\\board\\node_modules\\express\\lib\\router\\layer.js:95:5)\n    at trim_prefix (C:\\dongbum\\express\\express_exam\\board\\node_modules\\express\\lib\\router\\index.js:317:13)\n    at C:\\dongbum\\express\\express_exam\\board\\node_modules\\express\\lib\\router\\index.js:284:7\n    at Function.process_params (C:\\dongbum\\express\\express_exam\\board\\node_modules\\express\\lib\\router\\index.js:335:12)\n    at next (C:\\dongbum\\express\\express_exam\\board\\node_modules\\express\\lib\\router\\index.js:275:10)\n    at C:\\dongbum\\express\\express_exam\\board\\node_modules\\express\\lib\\router\\index.js:635:15\n    at next (C:\\dongbum\\express\\express_exam\\board\\node_modules\\express\\lib\\router\\index.js:260:14)\n    at Function.handle (C:\\dongbum\\express\\express_exam\\board\\node_modules\\express\\lib\\router\\index.js:174:3)\n    at router (C:\\dongbum\\express\\express_exam\\board\\node_modules\\express\\lib\\router\\index.js:47:12)","service":"general"}
{"level":"info","message":"[20:02:14]데이터 베이스 연결 성공","service":"general"}
{"level":"info","message":"[20:02:46]데이터 베이스 연결 성공","service":"general"}
{"level":"info","message":"[20:03:08]데이터 베이스 연결 성공","service":"general"}
{"level":"info","message":"[20:03:13]데이터 베이스 연결 성공","service":"general"}
{"level":"info","message":"[20:03:22]데이터 베이스 연결 성공","service":"general"}
{"level":"info","message":"[20:05:02]데이터 베이스 연결 성공","service":"general"}
{"level":"info","message":"[20:06:03]데이터 베이스 연결 성공","service":"general"}
{"level":"info","message":"[20:06:12]데이터 베이스 연결 성공","service":"general"}
{"level":"info","message":"[20:06:21]데이터 베이스 연결 성공","service":"general"}
{"level":"info","message":"[20:06:23]데이터 베이스 연결 성공","service":"general"}
{"level":"info","message":"[20:06:44]데이터 베이스 연결 성공","service":"general"}
{"level":"info","message":"[20:06:46]데이터 베이스 연결 성공","service":"general"}
{"level":"info","message":"[20:06:54]데이터 베이스 연결 성공","service":"general"}
{"level":"info","message":"[20:07:11]데이터 베이스 연결 성공","service":"general"}
{"level":"info","message":"[20:09:59]데이터 베이스 연결 성공","service":"general"}
{"level":"info","message":"[20:10:01]데이터 베이스 연결 성공","service":"general"}
{"level":"info","message":"[20:11:01]데이터 베이스 연결 성공","service":"general"}
{"level":"info","message":"[20:11:03]데이터 베이스 연결 성공","service":"general"}
{"level":"info","message":"[20:11:59]데이터 베이스 연결 성공","service":"general"}
{"level":"info","message":"[20:12:24]데이터 베이스 연결 성공","service":"general"}
{"level":"info","message":"[20:12:29]데이터 베이스 연결 성공","service":"general"}
{"level":"error","message":"[20:14:16][404]/member/index은 없는 페이지 입니다.","service":"general"}
{"level":"error","message":"[20:14:16]Error: /member/index은 없는 페이지 입니다.\n    at C:\\dongbum\\express\\express_exam\\board\\app.js:63:16\n    at Layer.handle [as handle_request] (C:\\dongbum\\express\\express_exam\\board\\node_modules\\express\\lib\\router\\layer.js:95:5)\n    at trim_prefix (C:\\dongbum\\express\\express_exam\\board\\node_modules\\express\\lib\\router\\index.js:317:13)\n    at C:\\dongbum\\express\\express_exam\\board\\node_modules\\express\\lib\\router\\index.js:284:7\n    at Function.process_params (C:\\dongbum\\express\\express_exam\\board\\node_modules\\express\\lib\\router\\index.js:335:12)\n    at next (C:\\dongbum\\express\\express_exam\\board\\node_modules\\express\\lib\\router\\index.js:275:10)\n    at C:\\dongbum\\express\\express_exam\\board\\node_modules\\express\\lib\\router\\index.js:635:15\n    at next (C:\\dongbum\\express\\express_exam\\board\\node_modules\\express\\lib\\router\\index.js:260:14)\n    at Function.handle (C:\\dongbum\\express\\express_exam\\board\\node_modules\\express\\lib\\router\\index.js:174:3)\n    at router (C:\\dongbum\\express\\express_exam\\board\\node_modules\\express\\lib\\router\\index.js:47:12)","service":"general"}
{"level":"info","message":"[20:15:03]데이터 베이스 연결 성공","service":"general"}
{"level":"info","message":"[20:15:54]데이터 베이스 연결 성공","service":"general"}
{"level":"info","message":"[20:16:05]데이터 베이스 연결 성공","service":"general"}
{"level":"info","message":"[20:16:32]데이터 베이스 연결 성공","service":"general"}
{"level":"info","message":"[20:17:11]데이터 베이스 연결 성공","service":"general"}
{"level":"info","message":"[20:18:30]데이터 베이스 연결 성공","service":"general"}
{"level":"info","message":"[20:18:35]데이터 베이스 연결 성공","service":"general"}
{"level":"info","message":"[20:18:38]데이터 베이스 연결 성공","service":"general"}
{"level":"info","message":"[20:20:35]데이터 베이스 연결 성공","service":"general"}
{"level":"info","message":"[20:20:37]데이터 베이스 연결 성공","service":"general"}
{"level":"info","message":"[20:20:46]데이터 베이스 연결 성공","service":"general"}
{"level":"info","message":"[20:21:29]데이터 베이스 연결 성공","service":"general"}
{"level":"info","message":"[20:22:12]데이터 베이스 연결 성공","service":"general"}
{"level":"info","message":"[20:22:56]데이터 베이스 연결 성공","service":"general"}
{"level":"info","message":"[20:23:24]데이터 베이스 연결 성공","service":"general"}
{"level":"info","message":"[20:23:37]데이터 베이스 연결 성공","service":"general"}
{"level":"info","message":"[20:25:43]데이터 베이스 연결 성공","service":"general"}
{"level":"info","message":"[20:25:46]데이터 베이스 연결 성공","service":"general"}
{"level":"info","message":"[20:29:46]데이터 베이스 연결 성공","service":"general"}
{"level":"error","message":"[20:30:19][404]/mypage은 없는 페이지 입니다.","service":"general"}
{"level":"error","message":"[20:30:19]Error: /mypage은 없는 페이지 입니다.\n    at C:\\dongbum\\express\\express_exam\\board\\app.js:63:16\n    at Layer.handle [as handle_request] (C:\\dongbum\\express\\express_exam\\board\\node_modules\\express\\lib\\router\\layer.js:95:5)\n    at trim_prefix (C:\\dongbum\\express\\express_exam\\board\\node_modules\\express\\lib\\router\\index.js:317:13)\n    at C:\\dongbum\\express\\express_exam\\board\\node_modules\\express\\lib\\router\\index.js:284:7\n    at Function.process_params (C:\\dongbum\\express\\express_exam\\board\\node_modules\\express\\lib\\router\\index.js:335:12)\n    at next (C:\\dongbum\\express\\express_exam\\board\\node_modules\\express\\lib\\router\\index.js:275:10)\n    at C:\\dongbum\\express\\express_exam\\board\\node_modules\\express\\lib\\router\\index.js:635:15\n    at next (C:\\dongbum\\express\\express_exam\\board\\node_modules\\express\\lib\\router\\index.js:260:14)\n    at Function.handle (C:\\dongbum\\express\\express_exam\\board\\node_modules\\express\\lib\\router\\index.js:174:3)\n    at router (C:\\dongbum\\express\\express_exam\\board\\node_modules\\express\\lib\\router\\index.js:47:12)","service":"general"}
{"level":"info","message":"[20:31:31]데이터 베이스 연결 성공","service":"general"}
{"level":"info","message":"[20:31:34]데이터 베이스 연결 성공","service":"general"}
{"level":"info","message":"[20:35:42]데이터 베이스 연결 성공","service":"general"}
{"level":"info","message":"[20:35:43]데이터 베이스 연결 성공","service":"general"}
{"level":"error","message":"[20:35:47]TypeError: req.session.destory is not a function\n    at C:\\dongbum\\express\\express_exam\\board\\routes\\member\\index.js:52:14\n    at Layer.handle [as handle_request] (C:\\dongbum\\express\\express_exam\\board\\node_modules\\express\\lib\\router\\layer.js:95:5)\n    at next (C:\\dongbum\\express\\express_exam\\board\\node_modules\\express\\lib\\router\\route.js:137:13)\n    at Route.dispatch (C:\\dongbum\\express\\express_exam\\board\\node_modules\\express\\lib\\router\\route.js:112:3)\n    at Layer.handle [as handle_request] (C:\\dongbum\\express\\express_exam\\board\\node_modules\\express\\lib\\router\\layer.js:95:5)\n    at C:\\dongbum\\express\\express_exam\\board\\node_modules\\express\\lib\\router\\index.js:281:22\n    at Function.process_params (C:\\dongbum\\express\\express_exam\\board\\node_modules\\express\\lib\\router\\index.js:335:12)\n    at next (C:\\dongbum\\express\\express_exam\\board\\node_modules\\express\\lib\\router\\index.js:275:10)\n    at Function.handle (C:\\dongbum\\express\\express_exam\\board\\node_modules\\express\\lib\\router\\index.js:174:3)\n    at router (C:\\dongbum\\express\\express_exam\\board\\node_modules\\express\\lib\\router\\index.js:47:12)","service":"general"}
{"level":"error","message":"[20:35:47][500]req.session.destory is not a function","service":"general"}
{"level":"error","message":"[20:36:01][500]req.session.destory is not a function","service":"general"}
{"level":"error","message":"[20:36:01]TypeError: req.session.destory is not a function\n    at C:\\dongbum\\express\\express_exam\\board\\routes\\member\\index.js:52:14\n    at Layer.handle [as handle_request] (C:\\dongbum\\express\\express_exam\\board\\node_modules\\express\\lib\\router\\layer.js:95:5)\n    at next (C:\\dongbum\\express\\express_exam\\board\\node_modules\\express\\lib\\router\\route.js:137:13)\n    at Route.dispatch (C:\\dongbum\\express\\express_exam\\board\\node_modules\\express\\lib\\router\\route.js:112:3)\n    at Layer.handle [as handle_request] (C:\\dongbum\\express\\express_exam\\board\\node_modules\\express\\lib\\router\\layer.js:95:5)\n    at C:\\dongbum\\express\\express_exam\\board\\node_modules\\express\\lib\\router\\index.js:281:22\n    at Function.process_params (C:\\dongbum\\express\\express_exam\\board\\node_modules\\express\\lib\\router\\index.js:335:12)\n    at next (C:\\dongbum\\express\\express_exam\\board\\node_modules\\express\\lib\\router\\index.js:275:10)\n    at Function.handle (C:\\dongbum\\express\\express_exam\\board\\node_modules\\express\\lib\\router\\index.js:174:3)\n    at router (C:\\dongbum\\express\\express_exam\\board\\node_modules\\express\\lib\\router\\index.js:47:12)","service":"general"}
{"level":"info","message":"[20:37:35]데이터 베이스 연결 성공","service":"general"}
{"level":"info","message":"[20:37:57]데이터 베이스 연결 성공","service":"general"}
{"level":"info","message":"[20:38:34]데이터 베이스 연결 성공","service":"general"}
{"level":"info","message":"[20:44:21]데이터 베이스 연결 성공","service":"general"}
{"level":"info","message":"[20:45:11]데이터 베이스 연결 성공","service":"general"}
{"level":"info","message":"[20:45:22]데이터 베이스 연결 성공","service":"general"}
{"level":"info","message":"[20:45:25]데이터 베이스 연결 성공","service":"general"}
{"level":"info","message":"[20:45:57]데이터 베이스 연결 성공","service":"general"}
{"level":"info","message":"[20:46:14]데이터 베이스 연결 성공","service":"general"}
{"level":"info","message":"[20:46:25]데이터 베이스 연결 성공","service":"general"}
{"level":"info","message":"[20:46:33]데이터 베이스 연결 성공","service":"general"}
{"level":"info","message":"[20:46:35]데이터 베이스 연결 성공","service":"general"}
{"level":"info","message":"[20:46:44]데이터 베이스 연결 성공","service":"general"}
{"level":"info","message":"[20:46:52]데이터 베이스 연결 성공","service":"general"}
{"level":"info","message":"[20:47:00]데이터 베이스 연결 성공","service":"general"}
{"level":"info","message":"[20:47:55]데이터 베이스 연결 성공","service":"general"}
{"level":"info","message":"[20:48:15]데이터 베이스 연결 성공","service":"general"}
{"level":"info","message":"[20:48:26]데이터 베이스 연결 성공","service":"general"}
{"level":"info","message":"[20:48:50]데이터 베이스 연결 성공","service":"general"}
{"level":"info","message":"[20:48:58]데이터 베이스 연결 성공","service":"general"}
{"level":"info","message":"[20:49:08]데이터 베이스 연결 성공","service":"general"}
{"level":"info","message":"[20:50:41]데이터 베이스 연결 성공","service":"general"}
{"level":"info","message":"[20:52:25]데이터 베이스 연결 성공","service":"general"}
{"level":"info","message":"[20:53:31]데이터 베이스 연결 성공","service":"general"}
{"level":"info","message":"[20:53:45]데이터 베이스 연결 성공","service":"general"}
{"level":"info","message":"[20:54:57]데이터 베이스 연결 성공","service":"general"}
{"level":"info","message":"[20:55:09]데이터 베이스 연결 성공","service":"general"}
{"level":"info","message":"[20:55:15]데이터 베이스 연결 성공","service":"general"}
{"level":"info","message":"[20:55:51]데이터 베이스 연결 성공","service":"general"}
{"level":"info","message":"[20:55:54]데이터 베이스 연결 성공","service":"general"}
{"level":"info","message":"[20:55:57]데이터 베이스 연결 성공","service":"general"}
{"level":"info","message":"[20:56:45]데이터 베이스 연결 성공","service":"general"}
{"level":"info","message":"[20:57:01]데이터 베이스 연결 성공","service":"general"}
{"level":"info","message":"[20:57:39]데이터 베이스 연결 성공","service":"general"}
{"level":"info","message":"[20:58:08]데이터 베이스 연결 성공","service":"general"}
{"level":"info","message":"[20:59:14]데이터 베이스 연결 성공","service":"general"}
{"level":"error","message":"[20:59:27][500]res.send is not a function","service":"general"}
{"level":"error","message":"[20:59:27]TypeError: res.send is not a function\n    at alert (C:\\dongbum\\express\\express_exam\\board\\lib\\common.js:18:7)\n    at adminOnly (C:\\dongbum\\express\\express_exam\\board\\middlewares\\member.js:116:11)\n    at Layer.handle [as handle_request] (C:\\dongbum\\express\\express_exam\\board\\node_modules\\express\\lib\\router\\layer.js:95:5)\n    at trim_prefix (C:\\dongbum\\express\\express_exam\\board\\node_modules\\express\\lib\\router\\index.js:317:13)\n    at C:\\dongbum\\express\\express_exam\\board\\node_modules\\express\\lib\\router\\index.js:284:7\n    at Function.process_params (C:\\dongbum\\express\\express_exam\\board\\node_modules\\express\\lib\\router\\index.js:335:12)\n    at next (C:\\dongbum\\express\\express_exam\\board\\node_modules\\express\\lib\\router\\index.js:275:10)\n    at Function.handle (C:\\dongbum\\express\\express_exam\\board\\node_modules\\express\\lib\\router\\index.js:174:3)\n    at router (C:\\dongbum\\express\\express_exam\\board\\node_modules\\express\\lib\\router\\index.js:47:12)\n    at Layer.handle [as handle_request] (C:\\dongbum\\express\\express_exam\\board\\node_modules\\express\\lib\\router\\layer.js:95:5)","service":"general"}
{"level":"info","message":"[21:00:33]데이터 베이스 연결 성공","service":"general"}
{"level":"info","message":"[21:00:40]데이터 베이스 연결 성공","service":"general"}
{"level":"info","message":"[21:02:32]데이터 베이스 연결 성공","service":"general"}
{"level":"info","message":"[21:03:05]데이터 베이스 연결 성공","service":"general"}
{"level":"info","message":"[21:03:13]데이터 베이스 연결 성공","service":"general"}
{"level":"info","message":"[21:05:14]데이터 베이스 연결 성공","service":"general"}
{"level":"info","message":"[21:05:16]데이터 베이스 연결 성공","service":"general"}
